{
  "stats": {
    "suites": 1,
    "tests": 4,
    "passes": 4,
    "pending": 0,
    "failures": 0,
    "start": "2026-06-12T21:56:11.152Z",
    "end": "2026-06-12T21:56:11.161Z",
    "duration": 9,
    "testsRegistered": 4,
    "passPercent": 100,
    "pendingPercent": 0,
    "other": 0,
    "hasOther": false,
    "skipped": 0,
    "hasSkipped": false
  },
  "results": [
    {
      "uuid": "41ada6a8-4ced-42fc-95df-eece15897382",
      "title": "",
      "fullFile": "C:\\git\\trabalho_Programacao_Automacao\\test\\servicoDePagamento.test.js",
      "file": "\\test\\servicoDePagamento.test.js",
      "beforeHooks": [],
      "afterHooks": [],
      "tests": [],
      "suites": [
        {
          "uuid": "192b1dfc-4e3a-46e3-ad07-06d31a8b86d8",
          "title": "Testes do Módulo de Pagamento",
          "fullFile": "C:\\git\\trabalho_Programacao_Automacao\\test\\servicoDePagamento.test.js",
          "file": "\\test\\servicoDePagamento.test.js",
          "beforeHooks": [],
          "afterHooks": [],
          "tests": [
            {
              "title": "Consultar o último pagamento",
              "fullTitle": "Testes do Módulo de Pagamento Consultar o último pagamento",
              "timedOut": false,
              "duration": 2,
              "state": "passed",
              "speed": "fast",
              "pass": true,
              "fail": false,
              "pending": false,
              "context": null,
              "code": "// Arrange (Criar constantes com dados de pagamento e resultado esperado)\nconst servicoDePagamento = new ServicoDePagamento();\nconst codigoBarras = \"0987-7656-3475\";\nconst empresa = \"Menezes S.A\";\nconst valor = 56.87;\nconst ultimoPagamentoEsperado = {\n  codigoBarras: codigoBarras,\n  empresa: empresa,\n  valor: valor,\n  categoria: \"padrão\",\n};\n// Act (Realizar o pagamento)\nservicoDePagamento.pagar(codigoBarras, empresa, valor);\n// Assert (Verificar se o último pagamento é o esperado)\nassert.deepStrictEqual(\n  servicoDePagamento.consultarUltimoPagamento(),\n  ultimoPagamentoEsperado,\n);",
              "err": {},
              "uuid": "279c9a7b-ef6f-4136-9a6d-056a27b2192f",
              "parentUUID": "192b1dfc-4e3a-46e3-ad07-06d31a8b86d8",
              "isHook": false,
              "skipped": false
            },
            {
              "title": "Classificar o pagamento como \"cara\" quando o valor for maior que 100.00",
              "fullTitle": "Testes do Módulo de Pagamento Classificar o pagamento como \"cara\" quando o valor for maior que 100.00",
              "timedOut": false,
              "duration": 0,
              "state": "passed",
              "speed": "fast",
              "pass": true,
              "fail": false,
              "pending": false,
              "context": null,
              "code": "// Arrange\nconst servicoDePagamento = new ServicoDePagamento();\nconst codigoBarras = \"1234-5678-9012\";\nconst empresa = \"Oliveira Ltda\";\nconst valor = 250.0;\nconst ultimoPagamentoEsperado = {\n  codigoBarras: codigoBarras,\n  empresa: empresa,\n  valor: valor,\n  categoria: \"cara\",\n};\n// Act\nservicoDePagamento.pagar(codigoBarras, empresa, valor);\n// Assert\nassert.deepStrictEqual(\n  servicoDePagamento.consultarUltimoPagamento(),\n  ultimoPagamentoEsperado,\n);",
              "err": {},
              "uuid": "2d0440d6-3d8c-4b32-b0c7-0a9614e4d256",
              "parentUUID": "192b1dfc-4e3a-46e3-ad07-06d31a8b86d8",
              "isHook": false,
              "skipped": false
            },
            {
              "title": "Classificar o pagamento como \"padrão\" quando o valor não for maior que 100.00",
              "fullTitle": "Testes do Módulo de Pagamento Classificar o pagamento como \"padrão\" quando o valor não for maior que 100.00",
              "timedOut": false,
              "duration": 0,
              "state": "passed",
              "speed": "fast",
              "pass": true,
              "fail": false,
              "pending": false,
              "context": null,
              "code": "// Arrange\nconst servicoDePagamento = new ServicoDePagamento();\nconst codigoBarras = \"3456-7890-1234\";\nconst empresa = \"Automação Ltda\";\nconst valor = 90.0;\nconst ultimoPagamentoEsperado = {\n  codigoBarras: codigoBarras,\n  empresa: empresa,\n  valor: valor,\n  categoria: \"padrão\",\n};\n// Act\nservicoDePagamento.pagar(codigoBarras, empresa, valor);\n// Assert\nassert.deepStrictEqual(\n  servicoDePagamento.consultarUltimoPagamento(),\n  ultimoPagamentoEsperado,\n);",
              "err": {},
              "uuid": "464fe66b-6e39-4755-ad5b-1b8d4683a998",
              "parentUUID": "192b1dfc-4e3a-46e3-ad07-06d31a8b86d8",
              "isHook": false,
              "skipped": false
            },
            {
              "title": "Classificar o pagamento como \"padrão\" quando o valor for igual a 100.00",
              "fullTitle": "Testes do Módulo de Pagamento Classificar o pagamento como \"padrão\" quando o valor for igual a 100.00",
              "timedOut": false,
              "duration": 0,
              "state": "passed",
              "speed": "fast",
              "pass": true,
              "fail": false,
              "pending": false,
              "context": null,
              "code": "// Arrange\nconst servicoDePagamento = new ServicoDePagamento();\nconst codigoBarras = \"3456-7890-1234\";\nconst empresa = \"Automação Ltda\";\nconst valor = 100.0;\nconst ultimoPagamentoEsperado = {\n  codigoBarras: codigoBarras,\n  empresa: empresa,\n  valor: valor,\n  categoria: \"padrão\",\n};\n// Act\nservicoDePagamento.pagar(codigoBarras, empresa, valor);\n// Assert\nassert.deepStrictEqual(\n  servicoDePagamento.consultarUltimoPagamento(),\n  ultimoPagamentoEsperado,\n);",
              "err": {},
              "uuid": "0f146657-3497-4754-84a9-38bafec5357b",
              "parentUUID": "192b1dfc-4e3a-46e3-ad07-06d31a8b86d8",
              "isHook": false,
              "skipped": false
            }
          ],
          "suites": [],
          "passes": [
            "279c9a7b-ef6f-4136-9a6d-056a27b2192f",
            "2d0440d6-3d8c-4b32-b0c7-0a9614e4d256",
            "464fe66b-6e39-4755-ad5b-1b8d4683a998",
            "0f146657-3497-4754-84a9-38bafec5357b"
          ],
          "failures": [],
          "pending": [],
          "skipped": [],
          "duration": 2,
          "root": false,
          "rootEmpty": false,
          "_timeout": 2000
        }
      ],
      "passes": [],
      "failures": [],
      "pending": [],
      "skipped": [],
      "duration": 0,
      "root": true,
      "rootEmpty": true,
      "_timeout": 2000
    }
  ],
  "meta": {
    "mocha": {
      "version": "11.7.5"
    },
    "mochawesome": {
      "options": {
        "quiet": false,
        "reportFilename": "mochawesome",
        "saveHtml": true,
        "saveJson": true,
        "consoleReporter": "spec",
        "useInlineDiffs": false,
        "code": true
      },
      "version": "7.1.4"
    },
    "marge": {
      "options": null,
      "version": "6.3.2"
    }
  }
}