{
  "stats": {
    "suites": 1,
    "tests": 4,
    "passes": 4,
    "pending": 0,
    "failures": 0,
    "start": "2026-06-06T20:50:49.827Z",
    "end": "2026-06-06T20:50:49.835Z",
    "duration": 8,
    "testsRegistered": 4,
    "passPercent": 100,
    "pendingPercent": 0,
    "other": 0,
    "hasOther": false,
    "skipped": 0,
    "hasSkipped": false
  },
  "results": [
    {
      "uuid": "00dace44-4256-42f3-a6a4-3f26fd051fd2",
      "title": "",
      "fullFile": "C:\\git\\trabalho_Programacao_Automacao\\test\\servicoDePagamento.test.js",
      "file": "\\test\\servicoDePagamento.test.js",
      "beforeHooks": [],
      "afterHooks": [],
      "tests": [],
      "suites": [
        {
          "uuid": "8a3c324c-2655-459a-ad92-366e959aa55b",
          "title": "Testes do Módulo de Pagamento",
          "fullFile": "C:\\git\\trabalho_Programacao_Automacao\\test\\servicoDePagamento.test.js",
          "file": "\\test\\servicoDePagamento.test.js",
          "beforeHooks": [],
          "afterHooks": [],
          "tests": [
            {
              "title": "Consultar o último pagamento",
              "fullTitle": "Testes do Módulo de Pagamento Consultar o último pagamento",
              "timedOut": false,
              "duration": 1,
              "state": "passed",
              "speed": "fast",
              "pass": true,
              "fail": false,
              "pending": false,
              "context": null,
              "code": "// Arrange (Criar constantes com dados de pagamento e resultado esperado)\nconst servicoDePagamento = new ServicoDePagamento();\nconst codigoBarras = \"0987-7656-3475\";\nconst empresa = \"Menezes S.A\";\nconst valor = 56.87;\nconst ultimoPagamentoEsperado = {\n  codigoBarras: codigoBarras,\n  empresa: empresa,\n  valor: valor,\n  categoria: \"padrão\",\n};\n// Act (Realizar o pagamento)\nservicoDePagamento.pagar(codigoBarras, empresa, valor);\n// Assert (Verificar se o último pagamento é o esperado)\nassert.deepStrictEqual(\n  servicoDePagamento.consultarUltimoPagamento(),\n  ultimoPagamentoEsperado,\n);",
              "err": {},
              "uuid": "b3f493a4-cfd2-4846-9179-7a2ac41ac249",
              "parentUUID": "8a3c324c-2655-459a-ad92-366e959aa55b",
              "isHook": false,
              "skipped": false
            },
            {
              "title": "Classificar o pagamento como \"cara\" quando o valor for maior que 100.00",
              "fullTitle": "Testes do Módulo de Pagamento Classificar o pagamento como \"cara\" quando o valor for maior que 100.00",
              "timedOut": false,
              "duration": 0,
              "state": "passed",
              "speed": "fast",
              "pass": true,
              "fail": false,
              "pending": false,
              "context": null,
              "code": "// Arrange\nconst servicoDePagamento = new ServicoDePagamento();\nconst codigoBarras = \"1234-5678-9012\";\nconst empresa = \"Oliveira Ltda\";\nconst valor = 250.0;\nconst ultimoPagamentoEsperado = {\n  codigoBarras: codigoBarras,\n  empresa: empresa,\n  valor: valor,\n  categoria: \"cara\",\n};\n// Act\nservicoDePagamento.pagar(codigoBarras, empresa, valor);\n// Assert\nassert.deepStrictEqual(\n  servicoDePagamento.consultarUltimoPagamento(),\n  ultimoPagamentoEsperado,\n);",
              "err": {},
              "uuid": "2cb9ab59-e327-40ea-89fc-3f73b972490b",
              "parentUUID": "8a3c324c-2655-459a-ad92-366e959aa55b",
              "isHook": false,
              "skipped": false
            },
            {
              "title": "Classificar o pagamento como \"padrão\" quando o valor não for maior que 100.00",
              "fullTitle": "Testes do Módulo de Pagamento Classificar o pagamento como \"padrão\" quando o valor não for maior que 100.00",
              "timedOut": false,
              "duration": 0,
              "state": "passed",
              "speed": "fast",
              "pass": true,
              "fail": false,
              "pending": false,
              "context": null,
              "code": "// Arrange\nconst servicoDePagamento = new ServicoDePagamento();\nconst codigoBarras = \"3456-7890-1234\";\nconst empresa = \"Automação Ltda\";\nconst valor = 90.0;\nconst ultimoPagamentoEsperado = {\n  codigoBarras: codigoBarras,\n  empresa: empresa,\n  valor: valor,\n  categoria: \"padrão\",\n};\n// Act\nservicoDePagamento.pagar(codigoBarras, empresa, valor);\n// Assert\nassert.deepStrictEqual(\n  servicoDePagamento.consultarUltimoPagamento(),\n  ultimoPagamentoEsperado,\n);",
              "err": {},
              "uuid": "b6185f6b-e930-44ef-a5f9-25e87b53d8b1",
              "parentUUID": "8a3c324c-2655-459a-ad92-366e959aa55b",
              "isHook": false,
              "skipped": false
            },
            {
              "title": "Classificar o pagamento como \"padrão\" quando o valor for igual a 100.00",
              "fullTitle": "Testes do Módulo de Pagamento Classificar o pagamento como \"padrão\" quando o valor for igual a 100.00",
              "timedOut": false,
              "duration": 0,
              "state": "passed",
              "speed": "fast",
              "pass": true,
              "fail": false,
              "pending": false,
              "context": null,
              "code": "// Arrange\nconst servicoDePagamento = new ServicoDePagamento();\nconst codigoBarras = \"3456-7890-1234\";\nconst empresa = \"Automação Ltda\";\nconst valor = 100.0;\nconst ultimoPagamentoEsperado = {\n  codigoBarras: codigoBarras,\n  empresa: empresa,\n  valor: valor,\n  categoria: \"padrão\",\n};\n// Act\nservicoDePagamento.pagar(codigoBarras, empresa, valor);\n// Assert\nassert.deepStrictEqual(\n  servicoDePagamento.consultarUltimoPagamento(),\n  ultimoPagamentoEsperado,\n);",
              "err": {},
              "uuid": "d7f55653-10c5-40f0-bd07-7f2bbc328592",
              "parentUUID": "8a3c324c-2655-459a-ad92-366e959aa55b",
              "isHook": false,
              "skipped": false
            }
          ],
          "suites": [],
          "passes": [
            "b3f493a4-cfd2-4846-9179-7a2ac41ac249",
            "2cb9ab59-e327-40ea-89fc-3f73b972490b",
            "b6185f6b-e930-44ef-a5f9-25e87b53d8b1",
            "d7f55653-10c5-40f0-bd07-7f2bbc328592"
          ],
          "failures": [],
          "pending": [],
          "skipped": [],
          "duration": 1,
          "root": false,
          "rootEmpty": false,
          "_timeout": 2000
        }
      ],
      "passes": [],
      "failures": [],
      "pending": [],
      "skipped": [],
      "duration": 0,
      "root": true,
      "rootEmpty": true,
      "_timeout": 2000
    }
  ],
  "meta": {
    "mocha": {
      "version": "11.7.5"
    },
    "mochawesome": {
      "options": {
        "quiet": false,
        "reportFilename": "mochawesome",
        "saveHtml": true,
        "saveJson": true,
        "consoleReporter": "spec",
        "useInlineDiffs": false,
        "code": true
      },
      "version": "7.1.4"
    },
    "marge": {
      "options": null,
      "version": "6.3.2"
    }
  }
}